# JRE version: OpenJDK Runtime Environment GraalVM CE 22.3.0 (17.0.5+8) (build 17.0.5+8-jvmci-22.3-b08)
# Java VM: OpenJDK 64-Bit Server VM GraalVM CE 22.3.0 (17.0.5+8-jvmci-22.3-b08, mixed mode, sharing, tiered, jvmci, jvmci compiler, compressed oops, compressed class ptrs, parallel gc, linux-amd64)
GC Precious Log:
 CPUs: 8 total, 1 available
 Memory: 1024M
 Large Page Support: Disabled
 NUMA Support: Disabled
 Compressed Oops: Enabled (32-bit)
 Alignments: Space 512K, Generation 512K, Heap 2M
 Heap Min Capacity: 100M
 Heap Initial Capacity: 100M
 Heap Max Capacity: 512M
 Pre-touch: Disabled
 Parallel Workers: 1
Heap:
 PSYoungGen      total 35840K, used 15360K [0x00000000f5580000, 0x00000000f8d00000, 0x0000000100000000)
  eden space 15360K, 100% used [0x00000000f5580000,0x00000000f6480000,0x00000000f6480000)
  from space 20480K, 0% used [0x00000000f6480000,0x00000000f6480000,0x00000000f7880000)
  to   space 9728K, 0% used [0x00000000f7880000,0x00000000f7880000,0x00000000f8200000)
 ParOldGen       total 349696K, used 349693K [0x00000000e0000000, 0x00000000f5580000, 0x00000000f5580000)
  object space 349696K, 99% used [0x00000000e0000000,0x00000000f557f498,0x00000000f5580000)
 Metaspace       used 57155K, committed 58048K, reserved 1105920K
  class space    used 5581K, committed 6016K, reserved 1048576K
GC Heap History (20 events):
Event: 597.423 GC heap before
{Heap before GC invocations=503 (full 401):
 PSYoungGen      total 35840K, used 15360K [0x00000000f5580000, 0x00000000f8d00000, 0x0000000100000000)
  eden space 15360K, 100% used [0x00000000f5580000,0x00000000f6480000,0x00000000f6480000)
  from space 20480K, 0% used [0x00000000f6480000,0x00000000f6480000,0x00000000f7880000)
  to   space 9728K, 0% used [0x00000000f7880000,0x00000000f7880000,0x00000000f8200000)
 ParOldGen       total 349696K, used 349696K [0x00000000e0000000, 0x00000000f5580000, 0x00000000f5580000)
  object space 349696K, 100% used [0x00000000e0000000,0x00000000f5580000,0x00000000f5580000)
 Metaspace       used 57155K, committed 58048K, reserved 1105920K
  class space    used 5581K, committed 6016K, reserved 1048576K
}
Event: 598.652 GC heap after
{Heap after GC invocations=503 (full 401):
 PSYoungGen      total 25088K, used 15359K [0x00000000f5580000, 0x00000000f8d00000, 0x0000000100000000)
  eden space 15360K, 99% used [0x00000000f5580000,0x00000000f647ffe0,0x00000000f6480000)
  from space 9728K, 0% used [0x00000000f7880000,0x00000000f7880000,0x00000000f8200000)
  to   space 20480K, 0% used [0x00000000f6480000,0x00000000f6480000,0x00000000f7880000)
 ParOldGen       total 349696K, used 349695K [0x00000000e0000000, 0x00000000f5580000, 0x00000000f5580000)
  object space 349696K, 99% used [0x00000000e0000000,0x00000000f557fda0,0x00000000f5580000)
 Metaspace       used 57155K, committed 58048K, reserved 1105920K
  class space    used 5581K, committed 6016K, reserved 1048576K
}
Event: 598.652 GC heap before
{Heap before GC invocations=504 (full 402):
 PSYoungGen      total 25088K, used 15359K [0x00000000f5580000, 0x00000000f8d00000, 0x0000000100000000)
  eden space 15360K, 99% used [0x00000000f5580000,0x00000000f647fff8,0x00000000f6480000)
  from space 9728K, 0% used [0x00000000f7880000,0x00000000f7880000,0x00000000f8200000)
  to   space 20480K, 0% used [0x00000000f6480000,0x00000000f6480000,0x00000000f7880000)
 ParOldGen       total 349696K, used 349695K [0x00000000e0000000, 0x00000000f5580000, 0x00000000f5580000)
  object space 349696K, 99% used [0x00000000e0000000,0x00000000f557fff8,0x00000000f5580000)
 Metaspace       used 57155K, committed 58048K, reserved 1105920K
  class space    used 5581K, committed 6016K, reserved 1048576K
}
Event: 599.922 GC heap after
{Heap after GC invocations=504 (full 402):
 PSYoungGen      total 35840K, used 15359K [0x00000000f5580000, 0x00000000f8d00000, 0x0000000100000000)
  eden space 15360K, 99% used [0x00000000f5580000,0x00000000f647ffe0,0x00000000f6480000)
  from space 20480K, 0% used [0x00000000f6480000,0x00000000f6480000,0x00000000f7880000)
  to   space 9728K, 0% used [0x00000000f7880000,0x00000000f7880000,0x00000000f8200000)
 ParOldGen       total 349696K, used 349695K [0x00000000e0000000, 0x00000000f5580000, 0x00000000f5580000)
  object space 349696K, 99% used [0x00000000e0000000,0x00000000f557fdd8,0x00000000f5580000)
 Metaspace       used 57155K, committed 58048K, reserved 1105920K
  class space    used 5581K, committed 6016K, reserved 1048576K
}
Event: 599.922 GC heap before
{Heap before GC invocations=505 (full 403):
 PSYoungGen      total 35840K, used 15360K [0x00000000f5580000, 0x00000000f8d00000, 0x0000000100000000)
  eden space 15360K, 100% used [0x00000000f5580000,0x00000000f6480000,0x00000000f6480000)
  from space 20480K, 0% used [0x00000000f6480000,0x00000000f6480000,0x00000000f7880000)
  to   space 9728K, 0% used [0x00000000f7880000,0x00000000f7880000,0x00000000f8200000)
 ParOldGen       total 349696K, used 349695K [0x00000000e0000000, 0x00000000f5580000, 0x00000000f5580000)
  object space 349696K, 99% used [0x00000000e0000000,0x00000000f557fff0,0x00000000f5580000)
 Metaspace       used 57155K, committed 58048K, reserved 1105920K
  class space    used 5581K, committed 6016K, reserved 1048576K
}
Event: 601.137 GC heap after
{Heap after GC invocations=505 (full 403):
 PSYoungGen      total 25088K, used 15360K [0x00000000f5580000, 0x00000000f8d00000, 0x0000000100000000)
  eden space 15360K, 100% used [0x00000000f5580000,0x00000000f6480000,0x00000000f6480000)
  from space 9728K, 0% used [0x00000000f7880000,0x00000000f7880000,0x00000000f8200000)
  to   space 20480K, 0% used [0x00000000f6480000,0x00000000f6480000,0x00000000f7880000)
 ParOldGen       total 349696K, used 349695K [0x00000000e0000000, 0x00000000f5580000, 0x00000000f5580000)
  object space 349696K, 99% used [0x00000000e0000000,0x00000000f557ff00,0x00000000f5580000)
 Metaspace       used 57155K, committed 58048K, reserved 1105920K
  class space    used 5581K, committed 6016K, reserved 1048576K
}
Event: 601.138 GC heap before
{Heap before GC invocations=506 (full 404):
 PSYoungGen      total 25088K, used 15360K [0x00000000f5580000, 0x00000000f8d00000, 0x0000000100000000)
  eden space 15360K, 100% used [0x00000000f5580000,0x00000000f6480000,0x00000000f6480000)
  from space 9728K, 0% used [0x00000000f7880000,0x00000000f7880000,0x00000000f8200000)
  to   space 20480K, 0% used [0x00000000f6480000,0x00000000f6480000,0x00000000f7880000)
 ParOldGen       total 349696K, used 349695K [0x00000000e0000000, 0x00000000f5580000, 0x00000000f5580000)
  object space 349696K, 99% used [0x00000000e0000000,0x00000000f557fff8,0x00000000f5580000)
 Metaspace       used 57155K, committed 58048K, reserved 1105920K
  class space    used 5581K, committed 6016K, reserved 1048576K
}
Event: 602.546 GC heap after
{Heap after GC invocations=506 (full 404):
 PSYoungGen      total 35840K, used 15360K [0x00000000f5580000, 0x00000000f8d00000, 0x0000000100000000)
  eden space 15360K, 100% used [0x00000000f5580000,0x00000000f6480000,0x00000000f6480000)
  from space 20480K, 0% used [0x00000000f6480000,0x00000000f6480000,0x00000000f7880000)
  to   space 9728K, 0% used [0x00000000f7880000,0x00000000f7880000,0x00000000f8200000)
 ParOldGen       total 349696K, used 349695K [0x00000000e0000000, 0x00000000f5580000, 0x00000000f5580000)
  object space 349696K, 99% used [0x00000000e0000000,0x00000000f557ffd8,0x00000000f5580000)
 Metaspace       used 57155K, committed 58048K, reserved 1105920K
  class space    used 5581K, committed 6016K, reserved 1048576K
}
Event: 602.546 GC heap before
{Heap before GC invocations=507 (full 405):
 PSYoungGen      total 35840K, used 15360K [0x00000000f5580000, 0x00000000f8d00000, 0x0000000100000000)
  eden space 15360K, 100% used [0x00000000f5580000,0x00000000f6480000,0x00000000f6480000)
  from space 20480K, 0% used [0x00000000f6480000,0x00000000f6480000,0x00000000f7880000)
  to   space 9728K, 0% used [0x00000000f7880000,0x00000000f7880000,0x00000000f8200000)
 ParOldGen       total 349696K, used 349695K [0x00000000e0000000, 0x00000000f5580000, 0x00000000f5580000)
  object space 349696K, 99% used [0x00000000e0000000,0x00000000f557fff8,0x00000000f5580000)
 Metaspace       used 57155K, committed 58048K, reserved 1105920K
  class space    used 5581K, committed 6016K, reserved 1048576K
}
Event: 603.841 GC heap after
{Heap after GC invocations=507 (full 405):
 PSYoungGen      total 25088K, used 15360K [0x00000000f5580000, 0x00000000f8d00000, 0x0000000100000000)
  eden space 15360K, 100% used [0x00000000f5580000,0x00000000f6480000,0x00000000f6480000)
  from space 9728K, 0% used [0x00000000f7880000,0x00000000f7880000,0x00000000f8200000)
  to   space 20480K, 0% used [0x00000000f6480000,0x00000000f6480000,0x00000000f7880000)
 ParOldGen       total 349696K, used 349695K [0x00000000e0000000, 0x00000000f5580000, 0x00000000f5580000)
  object space 349696K, 99% used [0x00000000e0000000,0x00000000f557fff8,0x00000000f5580000)
 Metaspace       used 57155K, committed 58048K, reserved 1105920K
  class space    used 5581K, committed 6016K, reserved 1048576K
}
Event: 603.841 GC heap before
{Heap before GC invocations=508 (full 406):
 PSYoungGen      total 25088K, used 15360K [0x00000000f5580000, 0x00000000f8d00000, 0x0000000100000000)
  eden space 15360K, 100% used [0x00000000f5580000,0x00000000f6480000,0x00000000f6480000)
  from space 9728K, 0% used [0x00000000f7880000,0x00000000f7880000,0x00000000f8200000)
  to   space 20480K, 0% used [0x00000000f6480000,0x00000000f6480000,0x00000000f7880000)
 ParOldGen       total 349696K, used 349695K [0x00000000e0000000, 0x00000000f5580000, 0x00000000f5580000)
  object space 349696K, 99% used [0x00000000e0000000,0x00000000f557fff8,0x00000000f5580000)
 Metaspace       used 57155K, committed 58048K, reserved 1105920K
  class space    used 5581K, committed 6016K, reserved 1048576K
}
Event: 605.213 GC heap after
{Heap after GC invocations=508 (full 406):
 PSYoungGen      total 35840K, used 15360K [0x00000000f5580000, 0x00000000f8d00000, 0x0000000100000000)
  eden space 15360K, 100% used [0x00000000f5580000,0x00000000f6480000,0x00000000f6480000)
  from space 20480K, 0% used [0x00000000f6480000,0x00000000f6480000,0x00000000f7880000)
  to   space 9728K, 0% used [0x00000000f7880000,0x00000000f7880000,0x00000000f8200000)
 ParOldGen       total 349696K, used 349695K [0x00000000e0000000, 0x00000000f5580000, 0x00000000f5580000)
  object space 349696K, 99% used [0x00000000e0000000,0x00000000f557fff8,0x00000000f5580000)
 Metaspace       used 57155K, committed 58048K, reserved 1105920K
  class space    used 5581K, committed 6016K, reserved 1048576K
}
Event: 605.214 GC heap before
{Heap before GC invocations=509 (full 407):
 PSYoungGen      total 35840K, used 15360K [0x00000000f5580000, 0x00000000f8d00000, 0x0000000100000000)
  eden space 15360K, 100% used [0x00000000f5580000,0x00000000f6480000,0x00000000f6480000)
  from space 20480K, 0% used [0x00000000f6480000,0x00000000f6480000,0x00000000f7880000)
  to   space 9728K, 0% used [0x00000000f7880000,0x00000000f7880000,0x00000000f8200000)
 ParOldGen       total 349696K, used 349695K [0x00000000e0000000, 0x00000000f5580000, 0x00000000f5580000)
  object space 349696K, 99% used [0x00000000e0000000,0x00000000f557fff8,0x00000000f5580000)
 Metaspace       used 57155K, committed 58048K, reserved 1105920K
  class space    used 5581K, committed 6016K, reserved 1048576K
}
Event: 606.456 GC heap after
{Heap after GC invocations=509 (full 407):
 PSYoungGen      total 25088K, used 15360K [0x00000000f5580000, 0x00000000f8d00000, 0x0000000100000000)
  eden space 15360K, 100% used [0x00000000f5580000,0x00000000f6480000,0x00000000f6480000)
  from space 9728K, 0% used [0x00000000f7880000,0x00000000f7880000,0x00000000f8200000)
  to   space 20480K, 0% used [0x00000000f6480000,0x00000000f6480000,0x00000000f7880000)
 ParOldGen       total 349696K, used 349695K [0x00000000e0000000, 0x00000000f5580000, 0x00000000f5580000)
  object space 349696K, 99% used [0x00000000e0000000,0x00000000f557fff8,0x00000000f5580000)
 Metaspace       used 57155K, committed 58048K, reserved 1105920K
  class space    used 5581K, committed 6016K, reserved 1048576K
}
Event: 606.456 GC heap before
{Heap before GC invocations=510 (full 408):
 PSYoungGen      total 25088K, used 15360K [0x00000000f5580000, 0x00000000f8d00000, 0x0000000100000000)
  eden space 15360K, 100% used [0x00000000f5580000,0x00000000f6480000,0x00000000f6480000)
  from space 9728K, 0% used [0x00000000f7880000,0x00000000f7880000,0x00000000f8200000)
  to   space 20480K, 0% used [0x00000000f6480000,0x00000000f6480000,0x00000000f7880000)
 ParOldGen       total 349696K, used 349695K [0x00000000e0000000, 0x00000000f5580000, 0x00000000f5580000)
  object space 349696K, 99% used [0x00000000e0000000,0x00000000f557fff8,0x00000000f5580000)
 Metaspace       used 57155K, committed 58048K, reserved 1105920K
  class space    used 5581K, committed 6016K, reserved 1048576K
}
Event: 607.658 GC heap after
{Heap after GC invocations=510 (full 408):
 PSYoungGen      total 35840K, used 15360K [0x00000000f5580000, 0x00000000f8d00000, 0x0000000100000000)
  eden space 15360K, 100% used [0x00000000f5580000,0x00000000f6480000,0x00000000f6480000)
  from space 20480K, 0% used [0x00000000f6480000,0x00000000f6480000,0x00000000f7880000)
  to   space 9728K, 0% used [0x00000000f7880000,0x00000000f7880000,0x00000000f8200000)
 ParOldGen       total 349696K, used 349695K [0x00000000e0000000, 0x00000000f5580000, 0x00000000f5580000)
  object space 349696K, 99% used [0x00000000e0000000,0x00000000f557fff8,0x00000000f5580000)
 Metaspace       used 57155K, committed 58048K, reserved 1105920K
  class space    used 5581K, committed 6016K, reserved 1048576K
}
Event: 607.709 GC heap before
{Heap before GC invocations=511 (full 409):
 PSYoungGen      total 35840K, used 15360K [0x00000000f5580000, 0x00000000f8d00000, 0x0000000100000000)
  eden space 15360K, 100% used [0x00000000f5580000,0x00000000f6480000,0x00000000f6480000)
  from space 20480K, 0% used [0x00000000f6480000,0x00000000f6480000,0x00000000f7880000)
  to   space 9728K, 0% used [0x00000000f7880000,0x00000000f7880000,0x00000000f8200000)
 ParOldGen       total 349696K, used 349695K [0x00000000e0000000, 0x00000000f5580000, 0x00000000f5580000)
  object space 349696K, 99% used [0x00000000e0000000,0x00000000f557fff8,0x00000000f5580000)
 Metaspace       used 57155K, committed 58048K, reserved 1105920K
  class space    used 5581K, committed 6016K, reserved 1048576K
}
Event: 609.120 GC heap after
{Heap after GC invocations=511 (full 409):
 PSYoungGen      total 25088K, used 15360K [0x00000000f5580000, 0x00000000f8d00000, 0x0000000100000000)
  eden space 15360K, 100% used [0x00000000f5580000,0x00000000f6480000,0x00000000f6480000)
  from space 9728K, 0% used [0x00000000f7880000,0x00000000f7880000,0x00000000f8200000)
  to   space 20480K, 0% used [0x00000000f6480000,0x00000000f6480000,0x00000000f7880000)
 ParOldGen       total 349696K, used 349693K [0x00000000e0000000, 0x00000000f5580000, 0x00000000f5580000)
  object space 349696K, 99% used [0x00000000e0000000,0x00000000f557f498,0x00000000f5580000)
 Metaspace       used 57155K, committed 58048K, reserved 1105920K
  class space    used 5581K, committed 6016K, reserved 1048576K
}
Event: 609.120 GC heap before
{Heap before GC invocations=512 (full 410):
 PSYoungGen      total 25088K, used 15360K [0x00000000f5580000, 0x00000000f8d00000, 0x0000000100000000)
  eden space 15360K, 100% used [0x00000000f5580000,0x00000000f6480000,0x00000000f6480000)
  from space 9728K, 0% used [0x00000000f7880000,0x00000000f7880000,0x00000000f8200000)
  to   space 20480K, 0% used [0x00000000f6480000,0x00000000f6480000,0x00000000f7880000)
 ParOldGen       total 349696K, used 349693K [0x00000000e0000000, 0x00000000f5580000, 0x00000000f5580000)
  object space 349696K, 99% used [0x00000000e0000000,0x00000000f557f498,0x00000000f5580000)
 Metaspace       used 57155K, committed 58048K, reserved 1105920K
  class space    used 5581K, committed 6016K, reserved 1048576K
}
Event: 610.425 GC heap after
{Heap after GC invocations=512 (full 410):
 PSYoungGen      total 35840K, used 15360K [0x00000000f5580000, 0x00000000f8d00000, 0x0000000100000000)
  eden space 15360K, 100% used [0x00000000f5580000,0x00000000f6480000,0x00000000f6480000)
  from space 20480K, 0% used [0x00000000f6480000,0x00000000f6480000,0x00000000f7880000)
  to   space 9728K, 0% used [0x00000000f7880000,0x00000000f7880000,0x00000000f8200000)
 ParOldGen       total 349696K, used 349693K [0x00000000e0000000, 0x00000000f5580000, 0x00000000f5580000)
  object space 349696K, 99% used [0x00000000e0000000,0x00000000f557f498,0x00000000f5580000)
 Metaspace       used 57155K, committed 58048K, reserved 1105920K
  class space    used 5581K, committed 6016K, reserved 1048576K
}

